# JRE version: Java(TM) SE Runtime Environment (7.0_79-b15) (build 1.7.0_79-b15)
# Java VM: Java HotSpot(TM) 64-Bit Server VM (24.79-b02 mixed mode windows-amd64 compressed oops)
Heap
 PSYoungGen      total 158208K, used 65877K [0x00000000f5500000, 0x0000000100000000, 0x0000000100000000)
  eden space 143360K, 45% used [0x00000000f5500000,0x00000000f9555488,0x00000000fe100000)
  from space 14848K, 0% used [0x00000000ff180000,0x00000000ff180000,0x0000000100000000)
  to   space 15872K, 0% used [0x00000000fe100000,0x00000000fe100000,0x00000000ff080000)
 ParOldGen       total 76288K, used 39479K [0x00000000e0000000, 0x00000000e4a80000, 0x00000000f5500000)
  object space 76288K, 51% used [0x00000000e0000000,0x00000000e268dea0,0x00000000e4a80000)
 PSPermGen       total 77312K, used 39013K [0x00000000c0000000, 0x00000000c4b80000, 0x00000000e0000000)
  object space 77312K, 50% used [0x00000000c0000000,0x00000000c2619788,0x00000000c4b80000)
GC Heap History (10 events):
Event: 11.075 GC heap before
{Heap before GC invocations=9 (full 0):
 PSYoungGen      total 70656K, used 70546K [0x00000000f5500000, 0x00000000fa400000, 0x0000000100000000)
  eden space 63488K, 100% used [0x00000000f5500000,0x00000000f9300000,0x00000000f9300000)
  from space 7168K, 98% used [0x00000000f9b00000,0x00000000fa1e4808,0x00000000fa200000)
  to   space 8192K, 0% used [0x00000000f9300000,0x00000000f9300000,0x00000000f9b00000)
 ParOldGen       total 41984K, used 10321K [0x00000000e0000000, 0x00000000e2900000, 0x00000000f5500000)
  object space 41984K, 24% used [0x00000000e0000000,0x00000000e0a14430,0x00000000e2900000)
 PSPermGen       total 27648K, used 27642K [0x00000000c0000000, 0x00000000c1b00000, 0x00000000e0000000)
  object space 27648K, 99% used [0x00000000c0000000,0x00000000c1afea50,0x00000000c1b00000)
Event: 11.094 GC heap after
Heap after GC invocations=9 (full 0):
 PSYoungGen      total 71680K, used 8176K [0x00000000f5500000, 0x00000000fcc80000, 0x0000000100000000)
  eden space 63488K, 0% used [0x00000000f5500000,0x00000000f5500000,0x00000000f9300000)
  from space 8192K, 99% used [0x00000000f9300000,0x00000000f9afc200,0x00000000f9b00000)
  to   space 10240K, 0% used [0x00000000fc280000,0x00000000fc280000,0x00000000fcc80000)
 ParOldGen       total 41984K, used 12959K [0x00000000e0000000, 0x00000000e2900000, 0x00000000f5500000)
  object space 41984K, 30% used [0x00000000e0000000,0x00000000e0ca7fa0,0x00000000e2900000)
 PSPermGen       total 27648K, used 27642K [0x00000000c0000000, 0x00000000c1b00000, 0x00000000e0000000)
  object space 27648K, 99% used [0x00000000c0000000,0x00000000c1afea50,0x00000000c1b00000)
}
Event: 12.785 GC heap before
{Heap before GC invocations=10 (full 0):
 PSYoungGen      total 71680K, used 71664K [0x00000000f5500000, 0x00000000fcc80000, 0x0000000100000000)
  eden space 63488K, 100% used [0x00000000f5500000,0x00000000f9300000,0x00000000f9300000)
  from space 8192K, 99% used [0x00000000f9300000,0x00000000f9afc200,0x00000000f9b00000)
  to   space 10240K, 0% used [0x00000000fc280000,0x00000000fc280000,0x00000000fcc80000)
 ParOldGen       total 41984K, used 12959K [0x00000000e0000000, 0x00000000e2900000, 0x00000000f5500000)
  object space 41984K, 30% used [0x00000000e0000000,0x00000000e0ca7fa0,0x00000000e2900000)
 PSPermGen       total 31744K, used 31263K [0x00000000c0000000, 0x00000000c1f00000, 0x00000000e0000000)
  object space 31744K, 98% used [0x00000000c0000000,0x00000000c1e87f88,0x00000000c1f00000)
Event: 12.832 GC heap after
Heap after GC invocations=10 (full 0):
 PSYoungGen      total 109056K, used 10215K [0x00000000f5500000, 0x00000000fd280000, 0x0000000100000000)
  eden space 98816K, 0% used [0x00000000f5500000,0x00000000f5500000,0x00000000fb580000)
  from space 10240K, 99% used [0x00000000fc280000,0x00000000fcc79fa0,0x00000000fcc80000)
  to   space 13312K, 0% used [0x00000000fb580000,0x00000000fb580000,0x00000000fc280000)
 ParOldGen       total 41984K, used 17393K [0x00000000e0000000, 0x00000000e2900000, 0x00000000f5500000)
  object space 41984K, 41% used [0x00000000e0000000,0x00000000e10fc6f0,0x00000000e2900000)
 PSPermGen       total 31744K, used 31263K [0x00000000c0000000, 0x00000000c1f00000, 0x00000000e0000000)
  object space 31744K, 98% used [0x00000000c0000000,0x00000000c1e87f88,0x00000000c1f00000)
}
Event: 17.527 GC heap before
{Heap before GC invocations=11 (full 0):
 PSYoungGen      total 109056K, used 109031K [0x00000000f5500000, 0x00000000fd280000, 0x0000000100000000)
  eden space 98816K, 100% used [0x00000000f5500000,0x00000000fb580000,0x00000000fb580000)
  from space 10240K, 99% used [0x00000000fc280000,0x00000000fcc79fa0,0x00000000fcc80000)
  to   space 13312K, 0% used [0x00000000fb580000,0x00000000fb580000,0x00000000fc280000)
 ParOldGen       total 41984K, used 17393K [0x00000000e0000000, 0x00000000e2900000, 0x00000000f5500000)
  object space 41984K, 41% used [0x00000000e0000000,0x00000000e10fc6f0,0x00000000e2900000)
 PSPermGen       total 35328K, used 35207K [0x00000000c0000000, 0x00000000c2280000, 0x00000000e0000000)
  object space 35328K, 99% used [0x00000000c0000000,0x00000000c2261fb8,0x00000000c2280000)
Event: 17.599 GC heap after
Heap after GC invocations=11 (full 0):
 PSYoungGen      total 112128K, used 13196K [0x00000000f5500000, 0x0000000100000000, 0x0000000100000000)
  eden space 98816K, 0% used [0x00000000f5500000,0x00000000f5500000,0x00000000fb580000)
  from space 13312K, 99% used [0x00000000fb580000,0x00000000fc263318,0x00000000fc280000)
  to   space 14848K, 0% used [0x00000000ff180000,0x00000000ff180000,0x0000000100000000)
 ParOldGen       total 41984K, used 25642K [0x00000000e0000000, 0x00000000e2900000, 0x00000000f5500000)
  object space 41984K, 61% used [0x00000000e0000000,0x00000000e190a8e8,0x00000000e2900000)
 PSPermGen       total 35328K, used 35207K [0x00000000c0000000, 0x00000000c2280000, 0x00000000e0000000)
  object space 35328K, 99% used [0x00000000c0000000,0x00000000c2261fb8,0x00000000c2280000)
}
Event: 23.650 GC heap before
{Heap before GC invocations=12 (full 0):
 PSYoungGen      total 112128K, used 112012K [0x00000000f5500000, 0x0000000100000000, 0x0000000100000000)
  eden space 98816K, 100% used [0x00000000f5500000,0x00000000fb580000,0x00000000fb580000)
  from space 13312K, 99% used [0x00000000fb580000,0x00000000fc263318,0x00000000fc280000)
  to   space 14848K, 0% used [0x00000000ff180000,0x00000000ff180000,0x0000000100000000)
 ParOldGen       total 41984K, used 25642K [0x00000000e0000000, 0x00000000e2900000, 0x00000000f5500000)
  object space 41984K, 61% used [0x00000000e0000000,0x00000000e190a8e8,0x00000000e2900000)
 PSPermGen       total 38912K, used 38591K [0x00000000c0000000, 0x00000000c2600000, 0x00000000e0000000)
  object space 38912K, 99% used [0x00000000c0000000,0x00000000c25aff80,0x00000000c2600000)
Event: 23.720 GC heap after
Heap after GC invocations=12 (full 0):
 PSYoungGen      total 158208K, used 11316K [0x00000000f5500000, 0x0000000100000000, 0x0000000100000000)
  eden space 143360K, 0% used [0x00000000f5500000,0x00000000f5500000,0x00000000fe100000)
  from space 14848K, 76% used [0x00000000ff180000,0x00000000ffc8d038,0x0000000100000000)
  to   space 15872K, 0% used [0x00000000fe100000,0x00000000fe100000,0x00000000ff080000)
 ParOldGen       total 41984K, used 36263K [0x00000000e0000000, 0x00000000e2900000, 0x00000000f5500000)
  object space 41984K, 86% used [0x00000000e0000000,0x00000000e2369c98,0x00000000e2900000)
 PSPermGen       total 38912K, used 38591K [0x00000000c0000000, 0x00000000c2600000, 0x00000000e0000000)
  object space 38912K, 99% used [0x00000000c0000000,0x00000000c25aff80,0x00000000c2600000)
}
Event: 23.720 GC heap before
{Heap before GC invocations=13 (full 1):
 PSYoungGen      total 158208K, used 11316K [0x00000000f5500000, 0x0000000100000000, 0x0000000100000000)
  eden space 143360K, 0% used [0x00000000f5500000,0x00000000f5500000,0x00000000fe100000)
  from space 14848K, 76% used [0x00000000ff180000,0x00000000ffc8d038,0x0000000100000000)
  to   space 15872K, 0% used [0x00000000fe100000,0x00000000fe100000,0x00000000ff080000)
 ParOldGen       total 41984K, used 36263K [0x00000000e0000000, 0x00000000e2900000, 0x00000000f5500000)
  object space 41984K, 86% used [0x00000000e0000000,0x00000000e2369c98,0x00000000e2900000)
 PSPermGen       total 38912K, used 38591K [0x00000000c0000000, 0x00000000c2600000, 0x00000000e0000000)
  object space 38912K, 99% used [0x00000000c0000000,0x00000000c25aff80,0x00000000c2600000)
Event: 24.422 GC heap after
Heap after GC invocations=13 (full 1):
 PSYoungGen      total 158208K, used 0K [0x00000000f5500000, 0x0000000100000000, 0x0000000100000000)
  eden space 143360K, 0% used [0x00000000f5500000,0x00000000f5500000,0x00000000fe100000)
  from space 14848K, 0% used [0x00000000ff180000,0x00000000ff180000,0x0000000100000000)
  to   space 15872K, 0% used [0x00000000fe100000,0x00000000fe100000,0x00000000ff080000)
 ParOldGen       total 76288K, used 39479K [0x00000000e0000000, 0x00000000e4a80000, 0x00000000f5500000)
  object space 76288K, 51% used [0x00000000e0000000,0x00000000e268dea0,0x00000000e4a80000)
 PSPermGen       total 77312K, used 38572K [0x00000000c0000000, 0x00000000c4b80000, 0x00000000e0000000)
  object space 77312K, 49% used [0x00000000c0000000,0x00000000c25ab3b0,0x00000000c4b80000)
}

