# JRE version: Java(TM) SE Runtime Environment (7.0_79-b15) (build 1.7.0_79-b15)
# Java VM: Java HotSpot(TM) 64-Bit Server VM (24.79-b02 mixed mode windows-amd64 compressed oops)
Heap
 PSYoungGen      total 175104K, used 75933K [0x00000007d5500000, 0x00000007e7880000, 0x0000000800000000)
  eden space 165888K, 40% used [0x00000007d5500000,0x00000007d96295a0,0x00000007df700000)
  from space 9216K, 99% used [0x00000007df700000,0x00000007dfffe0a0,0x00000007e0000000)
  to   space 16384K, 0% used [0x00000007e6880000,0x00000007e6880000,0x00000007e7880000)
 ParOldGen       total 41984K, used 31249K [0x0000000780000000, 0x0000000782900000, 0x00000007d5500000)
  object space 41984K, 74% used [0x0000000780000000,0x0000000781e844f8,0x0000000782900000)
 PSPermGen       total 38400K, used 38290K [0x0000000760000000, 0x0000000762580000, 0x0000000780000000)
  object space 38400K, 99% used [0x0000000760000000,0x0000000762564a08,0x0000000762580000)
GC Heap History (10 events):
Event: 7.168 GC heap before
{Heap before GC invocations=9 (full 0):
 PSYoungGen      total 72192K, used 68328K [0x00000007d5500000, 0x00000007da200000, 0x0000000800000000)
  eden space 65536K, 100% used [0x00000007d5500000,0x00000007d9500000,0x00000007d9500000)
  from space 6656K, 41% used [0x00000007d9b80000,0x00000007d9e3a0e0,0x00000007da200000)
  to   space 6656K, 0% used [0x00000007d9500000,0x00000007d9500000,0x00000007d9b80000)
 ParOldGen       total 41984K, used 10492K [0x0000000780000000, 0x0000000782900000, 0x00000007d5500000)
  object space 41984K, 24% used [0x0000000780000000,0x0000000780a3f0b8,0x0000000782900000)
 PSPermGen       total 21504K, used 21428K [0x0000000760000000, 0x0000000761500000, 0x0000000780000000)
  object space 21504K, 99% used [0x0000000760000000,0x00000007614ed1e0,0x0000000761500000)
Event: 7.174 GC heap after
Heap after GC invocations=9 (full 0):
 PSYoungGen      total 72192K, used 2068K [0x00000007d5500000, 0x00000007dc980000, 0x0000000800000000)
  eden space 65536K, 0% used [0x00000007d5500000,0x00000007d5500000,0x00000007d9500000)
  from space 6656K, 31% used [0x00000007d9500000,0x00000007d97050d0,0x00000007d9b80000)
  to   space 7168K, 0% used [0x00000007dc280000,0x00000007dc280000,0x00000007dc980000)
 ParOldGen       total 41984K, used 11552K [0x0000000780000000, 0x0000000782900000, 0x00000007d5500000)
  object space 41984K, 27% used [0x0000000780000000,0x0000000780b483a8,0x0000000782900000)
 PSPermGen       total 21504K, used 21428K [0x0000000760000000, 0x0000000761500000, 0x0000000780000000)
  object space 21504K, 99% used [0x0000000760000000,0x00000007614ed1e0,0x0000000761500000)
}
Event: 7.738 GC heap before
{Heap before GC invocations=10 (full 0):
 PSYoungGen      total 72192K, used 67604K [0x00000007d5500000, 0x00000007dc980000, 0x0000000800000000)
  eden space 65536K, 100% used [0x00000007d5500000,0x00000007d9500000,0x00000007d9500000)
  from space 6656K, 31% used [0x00000007d9500000,0x00000007d97050d0,0x00000007d9b80000)
  to   space 7168K, 0% used [0x00000007dc280000,0x00000007dc280000,0x00000007dc980000)
 ParOldGen       total 41984K, used 11552K [0x0000000780000000, 0x0000000782900000, 0x00000007d5500000)
  object space 41984K, 27% used [0x0000000780000000,0x0000000780b483a8,0x0000000782900000)
 PSPermGen       total 21504K, used 21454K [0x0000000760000000, 0x0000000761500000, 0x0000000780000000)
  object space 21504K, 99% used [0x0000000760000000,0x00000007614f3bc0,0x0000000761500000)
Event: 7.744 GC heap after
Heap after GC invocations=10 (full 0):
 PSYoungGen      total 112128K, used 864K [0x00000007d5500000, 0x00000007dc980000, 0x0000000800000000)
  eden space 104960K, 0% used [0x00000007d5500000,0x00000007d5500000,0x00000007dbb80000)
  from space 7168K, 12% used [0x00000007dc280000,0x00000007dc358000,0x00000007dc980000)
  to   space 7168K, 0% used [0x00000007dbb80000,0x00000007dbb80000,0x00000007dc280000)
 ParOldGen       total 41984K, used 13221K [0x0000000780000000, 0x0000000782900000, 0x00000007d5500000)
  object space 41984K, 31% used [0x0000000780000000,0x0000000780ce9508,0x0000000782900000)
 PSPermGen       total 21504K, used 21454K [0x0000000760000000, 0x0000000761500000, 0x0000000780000000)
  object space 21504K, 99% used [0x0000000760000000,0x00000007614f3bc0,0x0000000761500000)
}
Event: 8.661 GC heap before
{Heap before GC invocations=11 (full 0):
 PSYoungGen      total 112128K, used 105824K [0x00000007d5500000, 0x00000007dc980000, 0x0000000800000000)
  eden space 104960K, 100% used [0x00000007d5500000,0x00000007dbb80000,0x00000007dbb80000)
  from space 7168K, 12% used [0x00000007dc280000,0x00000007dc358000,0x00000007dc980000)
  to   space 7168K, 0% used [0x00000007dbb80000,0x00000007dbb80000,0x00000007dc280000)
 ParOldGen       total 41984K, used 13221K [0x0000000780000000, 0x0000000782900000, 0x00000007d5500000)
  object space 41984K, 31% used [0x0000000780000000,0x0000000780ce9508,0x0000000782900000)
 PSPermGen       total 21504K, used 21476K [0x0000000760000000, 0x0000000761500000, 0x0000000780000000)
  object space 21504K, 99% used [0x0000000760000000,0x00000007614f90d8,0x0000000761500000)
Event: 8.665 GC heap after
Heap after GC invocations=11 (full 0):
 PSYoungGen      total 112128K, used 704K [0x00000007d5500000, 0x00000007e0700000, 0x0000000800000000)
  eden space 104960K, 0% used [0x00000007d5500000,0x00000007d5500000,0x00000007dbb80000)
  from space 7168K, 9% used [0x00000007dbb80000,0x00000007dbc30010,0x00000007dc280000)
  to   space 7168K, 0% used [0x00000007e0000000,0x00000007e0000000,0x00000007e0700000)
 ParOldGen       total 41984K, used 13949K [0x0000000780000000, 0x0000000782900000, 0x00000007d5500000)
  object space 41984K, 33% used [0x0000000780000000,0x0000000780d9f508,0x0000000782900000)
 PSPermGen       total 21504K, used 21476K [0x0000000760000000, 0x0000000761500000, 0x0000000780000000)
  object space 21504K, 99% used [0x0000000760000000,0x00000007614f90d8,0x0000000761500000)
}
Event: 11.111 GC heap before
{Heap before GC invocations=12 (full 0):
 PSYoungGen      total 112128K, used 105664K [0x00000007d5500000, 0x00000007e0700000, 0x0000000800000000)
  eden space 104960K, 100% used [0x00000007d5500000,0x00000007dbb80000,0x00000007dbb80000)
  from space 7168K, 9% used [0x00000007dbb80000,0x00000007dbc30010,0x00000007dc280000)
  to   space 7168K, 0% used [0x00000007e0000000,0x00000007e0000000,0x00000007e0700000)
 ParOldGen       total 41984K, used 13949K [0x0000000780000000, 0x0000000782900000, 0x00000007d5500000)
  object space 41984K, 33% used [0x0000000780000000,0x0000000780d9f508,0x0000000782900000)
 PSPermGen       total 25600K, used 25338K [0x0000000760000000, 0x0000000761900000, 0x0000000780000000)
  object space 25600K, 98% used [0x0000000760000000,0x00000007618bea68,0x0000000761900000)
Event: 11.133 GC heap after
Heap after GC invocations=12 (full 0):
 PSYoungGen      total 173056K, used 7152K [0x00000007d5500000, 0x00000007e0b00000, 0x0000000800000000)
  eden space 165888K, 0% used [0x00000007d5500000,0x00000007d5500000,0x00000007df700000)
  from space 7168K, 99% used [0x00000007e0000000,0x00000007e06fc360,0x00000007e0700000)
  to   space 9216K, 0% used [0x00000007df700000,0x00000007df700000,0x00000007e0000000)
 ParOldGen       total 41984K, used 15973K [0x0000000780000000, 0x0000000782900000, 0x00000007d5500000)
  object space 41984K, 38% used [0x0000000780000000,0x0000000780f994b8,0x0000000782900000)
 PSPermGen       total 25600K, used 25338K [0x0000000760000000, 0x0000000761900000, 0x0000000780000000)
  object space 25600K, 98% used [0x0000000760000000,0x00000007618bea68,0x0000000761900000)
}
Event: 17.815 GC heap before
{Heap before GC invocations=13 (full 0):
 PSYoungGen      total 173056K, used 173040K [0x00000007d5500000, 0x00000007e0b00000, 0x0000000800000000)
  eden space 165888K, 100% used [0x00000007d5500000,0x00000007df700000,0x00000007df700000)
  from space 7168K, 99% used [0x00000007e0000000,0x00000007e06fc360,0x00000007e0700000)
  to   space 9216K, 0% used [0x00000007df700000,0x00000007df700000,0x00000007e0000000)
 ParOldGen       total 41984K, used 15973K [0x0000000780000000, 0x0000000782900000, 0x00000007d5500000)
  object space 41984K, 38% used [0x0000000780000000,0x0000000780f994b8,0x0000000782900000)
 PSPermGen       total 36352K, used 35991K [0x0000000760000000, 0x0000000762380000, 0x0000000780000000)
  object space 36352K, 99% used [0x0000000760000000,0x0000000762325c98,0x0000000762380000)
Event: 17.940 GC heap after
Heap after GC invocations=13 (full 0):
 PSYoungGen      total 175104K, used 9208K [0x00000007d5500000, 0x00000007e7880000, 0x0000000800000000)
  eden space 165888K, 0% used [0x00000007d5500000,0x00000007d5500000,0x00000007df700000)
  from space 9216K, 99% used [0x00000007df700000,0x00000007dfffe0a0,0x00000007e0000000)
  to   space 16384K, 0% used [0x00000007e6880000,0x00000007e6880000,0x00000007e7880000)
 ParOldGen       total 41984K, used 31249K [0x0000000780000000, 0x0000000782900000, 0x00000007d5500000)
  object space 41984K, 74% used [0x0000000780000000,0x0000000781e844f8,0x0000000782900000)
 PSPermGen       total 36352K, used 35991K [0x0000000760000000, 0x0000000762380000, 0x0000000780000000)
  object space 36352K, 99% used [0x0000000760000000,0x0000000762325c98,0x0000000762380000)
}

